 L'indice 0 est ajoute pour les valeurs corriges du rougissement.
 Pour chaque objet il y a deux lignes: 
   by0c: sans correction de Stromgren(1963)
   by0cs: avec correction de am1 et c1 selon Stromgren(1963)
 (utile pour la détermination de Mv avec les indices de Stromgren)
(b-y)c    HD  beta    b-y  (b-y)0   m1    (m1)0  c1  (c1)0 E(b-y)  Av    dm1   dc1   Mv   Fe/H
by0c    32893 2.810  0.169  0.15  0.220  0.23  0.752  0.748  0.022  0.10 -0.02 -0.05  3.21
  0.42
by0c    32893 2.810  0.169  0.15  0.215  0.22  0.752  0.747  0.023  0.10 -0.02 -0.05  3.22
  0.37
by0c    40602 2.769  0.256  0.19  0.201  0.22  0.673  0.660  0.066  0.28 -0.03 -0.06  3.38
  0.49
by0c    40602 2.769  0.256  0.19  0.195  0.22  0.673  0.660  0.067  0.29 -0.02 -0.06  3.38
  0.44
by0c    60489 2.800  0.135  0.13  0.199  0.20  0.969  0.967  0.008  0.03  0.00  0.19  1.07
  0.18
by0c    60489 2.800  0.135  0.13  0.218  0.22  0.969  0.968  0.004  0.02 -0.02  0.19  1.07
  0.36
by0c   109762 2.778  0.164  0.16  0.224  0.22  0.791  0.791  0.000  0.00 -0.03  0.05  2.33
  0.49
by0c   109762 2.778  0.164  0.16  0.229  0.23  0.791  0.791  0.000  0.00 -0.03  0.05  2.33
  0.54
by0c   111057 2.828  0.125  0.12  0.249  0.25  0.836  0.836  0.000  0.00 -0.04  0.01  2.64
  0.62
by0c   111057 2.828  0.125  0.12  0.250  0.25  0.836  0.836  0.000  0.00 -0.04  0.01  2.64
  0.62
by0c   113697 2.745  0.196  0.20  0.175  0.18  0.724  0.724  0.000  0.00  0.01  0.05  2.45
  0.12
by0c   113697 2.745  0.196  0.20  0.180  0.18  0.724  0.724  0.000  0.00  0.00  0.05  2.45
  0.17
by0c   204918 2.790  0.195  0.16  0.215  0.23  0.776  0.769  0.034  0.14 -0.03  0.01  2.71
  0.45
by0c   204918 2.790  0.195  0.16  0.216  0.23  0.776  0.769  0.033  0.14 -0.03  0.01  2.71
  0.46
by0c   219675 2.740  0.218  0.22  0.248  0.25  0.701  0.701  0.000  0.00 -0.07  0.04  2.59
  0.86
by0c   219675 2.740  0.218  0.22  0.252  0.25  0.701  0.701  0.000  0.00 -0.07  0.04  2.59
  0.90
